<!--
  ~ Copyright 2010 DTO Labs, Inc. (http://dtolabs.com)
  ~
  ~  Licensed under the Apache License, Version 2.0 (the "License");
  ~  you may not use this file except in compliance with the License.
  ~  You may obtain a copy of the License at
  ~
  ~      http://www.apache.org/licenses/LICENSE-2.0
  ~
  ~  Unless required by applicable law or agreed to in writing, software
  ~  distributed under the License is distributed on an "AS IS" BASIS,
  ~  WITHOUT WARRANTIES OR CONDITIONS OF ANY KIND, either express or implied.
  ~  See the License for the specific language governing permissions and
  ~  limitations under the License.
  -->

<!DOCTYPE project PUBLIC
    "-//DTO Labs Inc.//DTD Resources Document 1.0//EN" "project.dtd">
<project>
  <node name="node1" type="Node1">

  </node>
  <setting name="setting1" type="Setting1">

  </setting>
  <package name="package1" type="Package1">

  </package>
  <deployment name="deployment1" type="Deployment1">
      
  </deployment>
</project>