<!--
  ~ Copyright 2010 DTO Labs, Inc. (http://dtolabs.com)
  ~
  ~  Licensed under the Apache License, Version 2.0 (the "License");
  ~  you may not use this file except in compliance with the License.
  ~  You may obtain a copy of the License at
  ~
  ~      http://www.apache.org/licenses/LICENSE-2.0
  ~
  ~  Unless required by applicable law or agreed to in writing, software
  ~  distributed under the License is distributed on an "AS IS" BASIS,
  ~  WITHOUT WARRANTIES OR CONDITIONS OF ANY KIND, either express or implied.
  ~  See the License for the specific language governing permissions and
  ~  limitations under the License.
  -->

<!--<!DOCTYPE project PUBLIC
    "-//DTO Labs Inc.//DTD Resources Document 1.0//EN" "project.dtd">-->
<project>
  <node name="node1" type="Node1" description="description1" tags="tag1,tag2"
        hostname="hostname1"
        osName="osName1"
        osFamily="osFamily1"
        osArch="osArch1"
        osVersion="osVersion1"
        username="username1"
      >

  </node>
  <setting name="setting1" type="Setting1" description="description2" tags="tag1,tag3"
           settingType="settingType1"
           settingValue="settingValue1"
      >

  </setting>
  <package name="package1" type="Package1" description="description3" tags="tag3,tag4"
           arch="arch1"
           base="base1"
           buildtime="buildtime1"
           filename="filename1"
           filetype="filetype1"
           installroot="installroot1"
           installrank="installrank1"
           release="release1"
           releasetag="releasetag1"
           repoUrl="repoUrl1"
           restart="restart1"
           vendor="vendor1"
           version="version1"
      >

  </package>
  <deployment name="deployment1" type="Deployment1" description="description4" tags="tag5,tag6"
              installRoot="installRoot1"
              basedir="basedir1"
              startuprank="startuprank1"

      >

  </deployment>
</project>